2020-01-08 17:47:29.519 [main] INFO  o.s.b.t.context.SpringBootTestContextBootstrapper - Neither @ContextConfiguration nor @ContextHierarchy found for test class [com.fear.healthrecord.HealthrecordApplicationTests], using SpringBootContextLoader
2020-01-08 17:47:29.532 [main] INFO  o.s.test.context.support.AbstractContextLoader - Could not detect default resource locations for test class [com.fear.healthrecord.HealthrecordApplicationTests]: no resource found for suffixes {-context.xml, Context.groovy}.
2020-01-08 17:47:29.534 [main] INFO  o.s.t.c.support.AnnotationConfigContextLoaderUtils - Could not detect default configuration classes for test class [com.fear.healthrecord.HealthrecordApplicationTests]: HealthrecordApplicationTests does not declare any static, non-private, non-final, nested classes annotated with @Configuration.
2020-01-08 17:47:29.907 [main] INFO  o.s.b.t.context.SpringBootTestContextBootstrapper - Found @SpringBootConfiguration com.fear.healthrecord.HealthrecordApplication for test class com.fear.healthrecord.HealthrecordApplicationTests
2020-01-08 17:47:30.282 [main] INFO  o.s.b.t.context.SpringBootTestContextBootstrapper - Loaded default TestExecutionListener class names from location [META-INF/spring.factories]: [org.springframework.boot.test.mock.mockito.MockitoTestExecutionListener, org.springframework.boot.test.mock.mockito.ResetMocksTestExecutionListener, org.springframework.boot.test.autoconfigure.restdocs.RestDocsTestExecutionListener, org.springframework.boot.test.autoconfigure.web.client.MockRestServiceServerResetTestExecutionListener, org.springframework.boot.test.autoconfigure.web.servlet.MockMvcPrintOnlyOnFailureTestExecutionListener, org.springframework.boot.test.autoconfigure.web.servlet.WebDriverTestExecutionListener, org.springframework.test.context.web.ServletTestExecutionListener, org.springframework.test.context.support.DirtiesContextBeforeModesTestExecutionListener, org.springframework.test.context.support.DependencyInjectionTestExecutionListener, org.springframework.test.context.support.DirtiesContextTestExecutionListener, org.springframework.test.context.transaction.TransactionalTestExecutionListener, org.springframework.test.context.jdbc.SqlScriptsTestExecutionListener, org.springframework.test.context.event.EventPublishingTestExecutionListener]
2020-01-08 17:47:30.336 [main] INFO  o.s.b.t.context.SpringBootTestContextBootstrapper - Using TestExecutionListeners: [org.springframework.test.context.web.ServletTestExecutionListener@5c80cf32, org.springframework.test.context.support.DirtiesContextBeforeModesTestExecutionListener@7d900ecf, org.springframework.boot.test.mock.mockito.MockitoTestExecutionListener@6f01b95f, org.springframework.boot.test.autoconfigure.SpringBootDependencyInjectionTestExecutionListener@4007f65e, org.springframework.test.context.support.DirtiesContextTestExecutionListener@1a245833, org.springframework.test.context.transaction.TransactionalTestExecutionListener@673fdbce, org.springframework.test.context.jdbc.SqlScriptsTestExecutionListener@5965d37, org.springframework.test.context.event.EventPublishingTestExecutionListener@7a5ceedd, org.springframework.boot.test.mock.mockito.ResetMocksTestExecutionListener@4201c465, org.springframework.boot.test.autoconfigure.restdocs.RestDocsTestExecutionListener@5b799640, org.springframework.boot.test.autoconfigure.web.client.MockRestServiceServerResetTestExecutionListener@6cb107fd, org.springframework.boot.test.autoconfigure.web.servlet.MockMvcPrintOnlyOnFailureTestExecutionListener@710636b0, org.springframework.boot.test.autoconfigure.web.servlet.WebDriverTestExecutionListener@3de8f619]
2020-01-08 17:47:31.050 [main] INFO  com.fear.healthrecord.HealthrecordApplicationTests - Starting HealthrecordApplicationTests on DESKTOP-MA5G5M8 with PID 9436 (started by fear in C:\Users\fear\IdeaProjects\healthrecord)
2020-01-08 17:47:31.055 [main] INFO  com.fear.healthrecord.HealthrecordApplicationTests - No active profile set, falling back to default profiles: default
2020-01-08 17:47:34.496 [main] INFO  o.s.scheduling.concurrent.ThreadPoolTaskExecutor - Initializing ExecutorService 'applicationTaskExecutor'
2020-01-08 17:47:36.224 [main] INFO  com.zaxxer.hikari.HikariDataSource - HikariPool-1 - Starting...
2020-01-08 17:47:36.258 [main] WARN  com.zaxxer.hikari.util.DriverDataSource - Registered driver with driverClassName=com.mysql.jdbc.Driver was not found, trying direct instantiation.
2020-01-08 17:47:36.817 [main] INFO  com.zaxxer.hikari.HikariDataSource - HikariPool-1 - Start completed.
2020-01-08 17:47:37.198 [main] INFO  o.s.s.a.ScheduledAnnotationBeanPostProcessor - No TaskScheduler/ScheduledExecutorService bean found for scheduled processing
2020-01-08 17:47:37.219 [main] INFO  com.fear.healthrecord.HealthrecordApplicationTests - Started HealthrecordApplicationTests in 6.753 seconds (JVM running for 9.267)
2020-01-08 17:47:37.786 [SpringContextShutdownHook] INFO  com.zaxxer.hikari.HikariDataSource - HikariPool-1 - Shutdown initiated...
2020-01-08 17:47:37.814 [SpringContextShutdownHook] INFO  com.zaxxer.hikari.HikariDataSource - HikariPool-1 - Shutdown completed.
2020-01-08 17:47:37.816 [SpringContextShutdownHook] INFO  o.s.scheduling.concurrent.ThreadPoolTaskExecutor - Shutting down ExecutorService 'applicationTaskExecutor'
2020-01-08 17:49:20.096 [main] INFO  o.s.b.t.context.SpringBootTestContextBootstrapper - Neither @ContextConfiguration nor @ContextHierarchy found for test class [com.fear.healthrecord.HealthrecordApplicationTests], using SpringBootContextLoader
2020-01-08 17:49:20.111 [main] INFO  o.s.test.context.support.AbstractContextLoader - Could not detect default resource locations for test class [com.fear.healthrecord.HealthrecordApplicationTests]: no resource found for suffixes {-context.xml, Context.groovy}.
2020-01-08 17:49:20.112 [main] INFO  o.s.t.c.support.AnnotationConfigContextLoaderUtils - Could not detect default configuration classes for test class [com.fear.healthrecord.HealthrecordApplicationTests]: HealthrecordApplicationTests does not declare any static, non-private, non-final, nested classes annotated with @Configuration.
2020-01-08 17:49:20.336 [main] INFO  o.s.b.t.context.SpringBootTestContextBootstrapper - Found @SpringBootConfiguration com.fear.healthrecord.HealthrecordApplication for test class com.fear.healthrecord.HealthrecordApplicationTests
2020-01-08 17:49:20.544 [main] INFO  o.s.b.t.context.SpringBootTestContextBootstrapper - Loaded default TestExecutionListener class names from location [META-INF/spring.factories]: [org.springframework.boot.test.mock.mockito.MockitoTestExecutionListener, org.springframework.boot.test.mock.mockito.ResetMocksTestExecutionListener, org.springframework.boot.test.autoconfigure.restdocs.RestDocsTestExecutionListener, org.springframework.boot.test.autoconfigure.web.client.MockRestServiceServerResetTestExecutionListener, org.springframework.boot.test.autoconfigure.web.servlet.MockMvcPrintOnlyOnFailureTestExecutionListener, org.springframework.boot.test.autoconfigure.web.servlet.WebDriverTestExecutionListener, org.springframework.test.context.web.ServletTestExecutionListener, org.springframework.test.context.support.DirtiesContextBeforeModesTestExecutionListener, org.springframework.test.context.support.DependencyInjectionTestExecutionListener, org.springframework.test.context.support.DirtiesContextTestExecutionListener, org.springframework.test.context.transaction.TransactionalTestExecutionListener, org.springframework.test.context.jdbc.SqlScriptsTestExecutionListener, org.springframework.test.context.event.EventPublishingTestExecutionListener]
2020-01-08 17:49:20.581 [main] INFO  o.s.b.t.context.SpringBootTestContextBootstrapper - Using TestExecutionListeners: [org.springframework.test.context.web.ServletTestExecutionListener@5c80cf32, org.springframework.test.context.support.DirtiesContextBeforeModesTestExecutionListener@7d900ecf, org.springframework.boot.test.mock.mockito.MockitoTestExecutionListener@6f01b95f, org.springframework.boot.test.autoconfigure.SpringBootDependencyInjectionTestExecutionListener@4007f65e, org.springframework.test.context.support.DirtiesContextTestExecutionListener@1a245833, org.springframework.test.context.transaction.TransactionalTestExecutionListener@673fdbce, org.springframework.test.context.jdbc.SqlScriptsTestExecutionListener@5965d37, org.springframework.test.context.event.EventPublishingTestExecutionListener@7a5ceedd, org.springframework.boot.test.mock.mockito.ResetMocksTestExecutionListener@4201c465, org.springframework.boot.test.autoconfigure.restdocs.RestDocsTestExecutionListener@5b799640, org.springframework.boot.test.autoconfigure.web.client.MockRestServiceServerResetTestExecutionListener@6cb107fd, org.springframework.boot.test.autoconfigure.web.servlet.MockMvcPrintOnlyOnFailureTestExecutionListener@710636b0, org.springframework.boot.test.autoconfigure.web.servlet.WebDriverTestExecutionListener@3de8f619]
2020-01-08 17:49:21.365 [main] INFO  com.fear.healthrecord.HealthrecordApplicationTests - Starting HealthrecordApplicationTests on DESKTOP-MA5G5M8 with PID 10052 (started by fear in C:\Users\fear\IdeaProjects\healthrecord)
2020-01-08 17:49:21.367 [main] INFO  com.fear.healthrecord.HealthrecordApplicationTests - No active profile set, falling back to default profiles: default
2020-01-08 17:49:24.213 [main] INFO  o.s.scheduling.concurrent.ThreadPoolTaskExecutor - Initializing ExecutorService 'applicationTaskExecutor'
2020-01-08 17:49:25.221 [main] INFO  com.zaxxer.hikari.HikariDataSource - HikariPool-1 - Starting...
2020-01-08 17:49:25.229 [main] WARN  com.zaxxer.hikari.util.DriverDataSource - Registered driver with driverClassName=com.mysql.jdbc.Driver was not found, trying direct instantiation.
2020-01-08 17:49:25.591 [main] INFO  com.zaxxer.hikari.HikariDataSource - HikariPool-1 - Start completed.
2020-01-08 17:49:25.906 [main] INFO  o.s.s.a.ScheduledAnnotationBeanPostProcessor - No TaskScheduler/ScheduledExecutorService bean found for scheduled processing
2020-01-08 17:49:25.919 [main] INFO  com.fear.healthrecord.HealthrecordApplicationTests - Started HealthrecordApplicationTests in 5.132 seconds (JVM running for 7.373)
2020-01-08 17:49:26.297 [SpringContextShutdownHook] INFO  com.zaxxer.hikari.HikariDataSource - HikariPool-1 - Shutdown initiated...
2020-01-08 17:49:26.371 [SpringContextShutdownHook] INFO  com.zaxxer.hikari.HikariDataSource - HikariPool-1 - Shutdown completed.
2020-01-08 17:49:26.371 [SpringContextShutdownHook] INFO  o.s.scheduling.concurrent.ThreadPoolTaskExecutor - Shutting down ExecutorService 'applicationTaskExecutor'
2020-01-08 17:52:22.245 [main] INFO  com.fear.healthrecord.HealthrecordApplication - Starting HealthrecordApplication on DESKTOP-MA5G5M8 with PID 16864 (C:\Users\fear\IdeaProjects\healthrecord\target\classes started by fear in C:\Users\fear\IdeaProjects\healthrecord)
2020-01-08 17:52:22.253 [main] INFO  com.fear.healthrecord.HealthrecordApplication - No active profile set, falling back to default profiles: default
2020-01-08 17:52:23.730 [main] INFO  o.s.boot.web.embedded.tomcat.TomcatWebServer - Tomcat initialized with port(s): 8080 (http)
2020-01-08 17:52:23.741 [main] INFO  org.apache.coyote.http11.Http11NioProtocol - Initializing ProtocolHandler ["http-nio-8080"]
2020-01-08 17:52:23.742 [main] INFO  org.apache.catalina.core.StandardService - Starting service [Tomcat]
2020-01-08 17:52:23.742 [main] INFO  org.apache.catalina.core.StandardEngine - Starting Servlet engine: [Apache Tomcat/9.0.29]
2020-01-08 17:52:23.833 [main] INFO  o.a.c.core.ContainerBase.[Tomcat].[localhost].[/] - Initializing Spring embedded WebApplicationContext
2020-01-08 17:52:23.833 [main] INFO  org.springframework.web.context.ContextLoader - Root WebApplicationContext: initialization completed in 1504 ms
2020-01-08 17:52:23.993 [main] INFO  com.zaxxer.hikari.HikariDataSource - HikariPool-1 - Starting...
2020-01-08 17:52:23.995 [main] WARN  com.zaxxer.hikari.util.DriverDataSource - Registered driver with driverClassName=com.mysql.jdbc.Driver was not found, trying direct instantiation.
2020-01-08 17:52:24.188 [main] INFO  com.zaxxer.hikari.HikariDataSource - HikariPool-1 - Start completed.
2020-01-08 17:52:24.376 [main] INFO  o.s.scheduling.concurrent.ThreadPoolTaskExecutor - Initializing ExecutorService 'applicationTaskExecutor'
2020-01-08 17:52:24.854 [main] INFO  o.s.s.a.ScheduledAnnotationBeanPostProcessor - No TaskScheduler/ScheduledExecutorService bean found for scheduled processing
2020-01-08 17:52:24.864 [main] INFO  org.apache.coyote.http11.Http11NioProtocol - Starting ProtocolHandler ["http-nio-8080"]
2020-01-08 17:52:24.876 [main] INFO  org.apache.coyote.http11.Http11NioProtocol - Pausing ProtocolHandler ["http-nio-8080"]
2020-01-08 17:52:24.876 [main] INFO  org.apache.catalina.core.StandardService - Stopping service [Tomcat]
2020-01-08 17:52:24.881 [main] WARN  org.apache.catalina.loader.WebappClassLoaderBase - The web application [ROOT] appears to have started a thread named [HikariPool-1 housekeeper] but has failed to stop it. This is very likely to create a memory leak. Stack trace of thread:
 sun.misc.Unsafe.park(Native Method)
 java.util.concurrent.locks.LockSupport.parkNanos(LockSupport.java:215)
 java.util.concurrent.locks.AbstractQueuedSynchronizer$ConditionObject.awaitNanos(AbstractQueuedSynchronizer.java:2078)
 java.util.concurrent.ScheduledThreadPoolExecutor$DelayedWorkQueue.take(ScheduledThreadPoolExecutor.java:1093)
 java.util.concurrent.ScheduledThreadPoolExecutor$DelayedWorkQueue.take(ScheduledThreadPoolExecutor.java:809)
 java.util.concurrent.ThreadPoolExecutor.getTask(ThreadPoolExecutor.java:1074)
 java.util.concurrent.ThreadPoolExecutor.runWorker(ThreadPoolExecutor.java:1134)
 java.util.concurrent.ThreadPoolExecutor$Worker.run(ThreadPoolExecutor.java:624)
 java.lang.Thread.run(Thread.java:748)
2020-01-08 17:52:24.881 [main] WARN  org.apache.catalina.loader.WebappClassLoaderBase - The web application [ROOT] appears to have started a thread named [HikariPool-1 connection adder] but has failed to stop it. This is very likely to create a memory leak. Stack trace of thread:
 java.net.SocketInputStream.socketRead0(Native Method)
 java.net.SocketInputStream.socketRead(SocketInputStream.java:116)
 java.net.SocketInputStream.read(SocketInputStream.java:171)
 java.net.SocketInputStream.read(SocketInputStream.java:141)
 com.mysql.cj.protocol.ReadAheadInputStream.fill(ReadAheadInputStream.java:107)
 com.mysql.cj.protocol.ReadAheadInputStream.readFromUnderlyingStreamIfNecessary(ReadAheadInputStream.java:150)
 com.mysql.cj.protocol.ReadAheadInputStream.read(ReadAheadInputStream.java:180)
 java.io.FilterInputStream.read(FilterInputStream.java:133)
 com.mysql.cj.protocol.FullReadInputStream.readFully(FullReadInputStream.java:64)
 com.mysql.cj.protocol.a.SimplePacketReader.readHeader(SimplePacketReader.java:63)
 com.mysql.cj.protocol.a.SimplePacketReader.readHeader(SimplePacketReader.java:45)
 com.mysql.cj.protocol.a.TimeTrackingPacketReader.readHeader(TimeTrackingPacketReader.java:52)
 com.mysql.cj.protocol.a.TimeTrackingPacketReader.readHeader(TimeTrackingPacketReader.java:41)
 com.mysql.cj.protocol.a.MultiPacketReader.readHeader(MultiPacketReader.java:54)
 com.mysql.cj.protocol.a.MultiPacketReader.readHeader(MultiPacketReader.java:44)
 com.mysql.cj.protocol.a.NativeProtocol.readMessage(NativeProtocol.java:533)
 com.mysql.cj.protocol.a.NativeProtocol.checkErrorMessage(NativeProtocol.java:703)
 com.mysql.cj.protocol.a.NativeProtocol.sendCommand(NativeProtocol.java:642)
 com.mysql.cj.protocol.a.NativeProtocol.sendQueryPacket(NativeProtocol.java:941)
 com.mysql.cj.protocol.a.NativeProtocol.sendQueryString(NativeProtocol.java:887)
 com.mysql.cj.NativeSession.execSQL(NativeSession.java:1073)
 com.mysql.cj.jdbc.ConnectionImpl.setAutoCommit(ConnectionImpl.java:2046)
 com.mysql.cj.jdbc.ConnectionImpl.handleAutoCommitDefaults(ConnectionImpl.java:1373)
 com.mysql.cj.jdbc.ConnectionImpl.initializePropsFromServer(ConnectionImpl.java:1318)
 com.mysql.cj.jdbc.ConnectionImpl.connectOneTryOnly(ConnectionImpl.java:967)
 com.mysql.cj.jdbc.ConnectionImpl.createNewIO(ConnectionImpl.java:826)
 com.mysql.cj.jdbc.ConnectionImpl.<init>(ConnectionImpl.java:456)
 com.mysql.cj.jdbc.ConnectionImpl.getInstance(ConnectionImpl.java:246)
 com.mysql.cj.jdbc.NonRegisteringDriver.connect(NonRegisteringDriver.java:199)
 com.zaxxer.hikari.util.DriverDataSource.getConnection(DriverDataSource.java:138)
 com.zaxxer.hikari.pool.PoolBase.newConnection(PoolBase.java:353)
 com.zaxxer.hikari.pool.PoolBase.newPoolEntry(PoolBase.java:201)
 com.zaxxer.hikari.pool.HikariPool.createPoolEntry(HikariPool.java:473)
 com.zaxxer.hikari.pool.HikariPool.access$100(HikariPool.java:71)
 com.zaxxer.hikari.pool.HikariPool$PoolEntryCreator.call(HikariPool.java:727)
 com.zaxxer.hikari.pool.HikariPool$PoolEntryCreator.call(HikariPool.java:713)
 java.util.concurrent.FutureTask.run(FutureTask.java:266)
 java.util.concurrent.ThreadPoolExecutor.runWorker(ThreadPoolExecutor.java:1149)
 java.util.concurrent.ThreadPoolExecutor$Worker.run(ThreadPoolExecutor.java:624)
 java.lang.Thread.run(Thread.java:748)
2020-01-08 17:52:24.883 [main] INFO  org.apache.coyote.http11.Http11NioProtocol - Stopping ProtocolHandler ["http-nio-8080"]
2020-01-08 17:52:24.884 [main] INFO  org.apache.coyote.http11.Http11NioProtocol - Destroying ProtocolHandler ["http-nio-8080"]
2020-01-08 17:52:24.886 [main] INFO  o.s.b.a.l.ConditionEvaluationReportLoggingListener - 

Error starting ApplicationContext. To display the conditions report re-run your application with 'debug' enabled.
2020-01-08 17:52:24.891 [main] ERROR o.s.b.diagnostics.LoggingFailureAnalysisReporter - 

***************************
APPLICATION FAILED TO START
***************************

Description:

Web server failed to start. Port 8080 was already in use.

Action:

Identify and stop the process that's listening on port 8080 or configure this application to listen on another port.

2020-01-08 17:52:24.894 [main] INFO  o.s.scheduling.concurrent.ThreadPoolTaskExecutor - Shutting down ExecutorService 'applicationTaskExecutor'
2020-01-08 17:52:24.895 [main] INFO  com.zaxxer.hikari.HikariDataSource - HikariPool-1 - Shutdown initiated...
2020-01-08 17:52:24.908 [main] INFO  com.zaxxer.hikari.HikariDataSource - HikariPool-1 - Shutdown completed.
2020-01-08 17:53:02.423 [main] INFO  com.fear.healthrecord.HealthrecordApplication - Starting HealthrecordApplication on DESKTOP-MA5G5M8 with PID 7864 (C:\Users\fear\IdeaProjects\healthrecord\target\classes started by fear in C:\Users\fear\IdeaProjects\healthrecord)
2020-01-08 17:53:02.428 [main] INFO  com.fear.healthrecord.HealthrecordApplication - No active profile set, falling back to default profiles: default
2020-01-08 17:53:03.837 [main] INFO  o.s.boot.web.embedded.tomcat.TomcatWebServer - Tomcat initialized with port(s): 8080 (http)
2020-01-08 17:53:03.845 [main] INFO  org.apache.coyote.http11.Http11NioProtocol - Initializing ProtocolHandler ["http-nio-8080"]
2020-01-08 17:53:03.846 [main] INFO  org.apache.catalina.core.StandardService - Starting service [Tomcat]
2020-01-08 17:53:03.846 [main] INFO  org.apache.catalina.core.StandardEngine - Starting Servlet engine: [Apache Tomcat/9.0.29]
2020-01-08 17:53:03.929 [main] INFO  o.a.c.core.ContainerBase.[Tomcat].[localhost].[/] - Initializing Spring embedded WebApplicationContext
2020-01-08 17:53:03.930 [main] INFO  org.springframework.web.context.ContextLoader - Root WebApplicationContext: initialization completed in 1413 ms
2020-01-08 17:53:04.056 [main] INFO  com.zaxxer.hikari.HikariDataSource - HikariPool-1 - Starting...
2020-01-08 17:53:04.058 [main] WARN  com.zaxxer.hikari.util.DriverDataSource - Registered driver with driverClassName=com.mysql.jdbc.Driver was not found, trying direct instantiation.
2020-01-08 17:53:04.257 [main] INFO  com.zaxxer.hikari.HikariDataSource - HikariPool-1 - Start completed.
2020-01-08 17:53:04.455 [main] INFO  o.s.scheduling.concurrent.ThreadPoolTaskExecutor - Initializing ExecutorService 'applicationTaskExecutor'
2020-01-08 17:53:04.990 [main] INFO  o.s.s.a.ScheduledAnnotationBeanPostProcessor - No TaskScheduler/ScheduledExecutorService bean found for scheduled processing
2020-01-08 17:53:05.000 [main] INFO  org.apache.coyote.http11.Http11NioProtocol - Starting ProtocolHandler ["http-nio-8080"]
2020-01-08 17:53:05.028 [main] INFO  o.s.boot.web.embedded.tomcat.TomcatWebServer - Tomcat started on port(s): 8080 (http) with context path ''
2020-01-08 17:53:05.031 [main] INFO  com.fear.healthrecord.HealthrecordApplication - Started HealthrecordApplication in 3.123 seconds (JVM running for 4.927)
2020-01-08 17:56:03.659 [main] INFO  o.s.b.t.context.SpringBootTestContextBootstrapper - Neither @ContextConfiguration nor @ContextHierarchy found for test class [com.fear.healthrecord.HealthrecordApplicationTests], using SpringBootContextLoader
2020-01-08 17:56:03.668 [main] INFO  o.s.test.context.support.AbstractContextLoader - Could not detect default resource locations for test class [com.fear.healthrecord.HealthrecordApplicationTests]: no resource found for suffixes {-context.xml, Context.groovy}.
2020-01-08 17:56:03.669 [main] INFO  o.s.t.c.support.AnnotationConfigContextLoaderUtils - Could not detect default configuration classes for test class [com.fear.healthrecord.HealthrecordApplicationTests]: HealthrecordApplicationTests does not declare any static, non-private, non-final, nested classes annotated with @Configuration.
2020-01-08 17:56:03.918 [main] INFO  o.s.b.t.context.SpringBootTestContextBootstrapper - Found @SpringBootConfiguration com.fear.healthrecord.HealthrecordApplication for test class com.fear.healthrecord.HealthrecordApplicationTests
2020-01-08 17:56:04.198 [main] INFO  o.s.b.t.context.SpringBootTestContextBootstrapper - Loaded default TestExecutionListener class names from location [META-INF/spring.factories]: [org.springframework.boot.test.mock.mockito.MockitoTestExecutionListener, org.springframework.boot.test.mock.mockito.ResetMocksTestExecutionListener, org.springframework.boot.test.autoconfigure.restdocs.RestDocsTestExecutionListener, org.springframework.boot.test.autoconfigure.web.client.MockRestServiceServerResetTestExecutionListener, org.springframework.boot.test.autoconfigure.web.servlet.MockMvcPrintOnlyOnFailureTestExecutionListener, org.springframework.boot.test.autoconfigure.web.servlet.WebDriverTestExecutionListener, org.springframework.test.context.web.ServletTestExecutionListener, org.springframework.test.context.support.DirtiesContextBeforeModesTestExecutionListener, org.springframework.test.context.support.DependencyInjectionTestExecutionListener, org.springframework.test.context.support.DirtiesContextTestExecutionListener, org.springframework.test.context.transaction.TransactionalTestExecutionListener, org.springframework.test.context.jdbc.SqlScriptsTestExecutionListener, org.springframework.test.context.event.EventPublishingTestExecutionListener]
2020-01-08 17:56:04.254 [main] INFO  o.s.b.t.context.SpringBootTestContextBootstrapper - Using TestExecutionListeners: [org.springframework.test.context.web.ServletTestExecutionListener@5c80cf32, org.springframework.test.context.support.DirtiesContextBeforeModesTestExecutionListener@7d900ecf, org.springframework.boot.test.mock.mockito.MockitoTestExecutionListener@6f01b95f, org.springframework.boot.test.autoconfigure.SpringBootDependencyInjectionTestExecutionListener@4007f65e, org.springframework.test.context.support.DirtiesContextTestExecutionListener@1a245833, org.springframework.test.context.transaction.TransactionalTestExecutionListener@673fdbce, org.springframework.test.context.jdbc.SqlScriptsTestExecutionListener@5965d37, org.springframework.test.context.event.EventPublishingTestExecutionListener@7a5ceedd, org.springframework.boot.test.mock.mockito.ResetMocksTestExecutionListener@4201c465, org.springframework.boot.test.autoconfigure.restdocs.RestDocsTestExecutionListener@5b799640, org.springframework.boot.test.autoconfigure.web.client.MockRestServiceServerResetTestExecutionListener@6cb107fd, org.springframework.boot.test.autoconfigure.web.servlet.MockMvcPrintOnlyOnFailureTestExecutionListener@710636b0, org.springframework.boot.test.autoconfigure.web.servlet.WebDriverTestExecutionListener@3de8f619]
2020-01-08 17:56:04.915 [main] INFO  com.fear.healthrecord.HealthrecordApplicationTests - Starting HealthrecordApplicationTests on DESKTOP-MA5G5M8 with PID 16452 (started by fear in C:\Users\fear\IdeaProjects\healthrecord)
2020-01-08 17:56:04.920 [main] INFO  com.fear.healthrecord.HealthrecordApplicationTests - No active profile set, falling back to default profiles: default
2020-01-08 17:56:08.271 [main] INFO  o.s.scheduling.concurrent.ThreadPoolTaskExecutor - Initializing ExecutorService 'applicationTaskExecutor'
2020-01-08 17:56:08.974 [main] INFO  com.zaxxer.hikari.HikariDataSource - HikariPool-1 - Starting...
2020-01-08 17:56:08.987 [main] WARN  com.zaxxer.hikari.util.DriverDataSource - Registered driver with driverClassName=com.mysql.jdbc.Driver was not found, trying direct instantiation.
2020-01-08 17:56:09.942 [main] INFO  com.zaxxer.hikari.HikariDataSource - HikariPool-1 - Start completed.
2020-01-08 17:56:10.803 [main] INFO  o.s.s.a.ScheduledAnnotationBeanPostProcessor - No TaskScheduler/ScheduledExecutorService bean found for scheduled processing
2020-01-08 17:56:10.821 [main] INFO  com.fear.healthrecord.HealthrecordApplicationTests - Started HealthrecordApplicationTests in 6.434 seconds (JVM running for 8.894)
2020-01-08 17:56:11.282 [SpringContextShutdownHook] INFO  o.s.scheduling.concurrent.ThreadPoolTaskExecutor - Shutting down ExecutorService 'applicationTaskExecutor'
2020-01-08 17:56:11.284 [SpringContextShutdownHook] INFO  com.zaxxer.hikari.HikariDataSource - HikariPool-1 - Shutdown initiated...
2020-01-08 17:56:11.860 [SpringContextShutdownHook] INFO  com.zaxxer.hikari.HikariDataSource - HikariPool-1 - Shutdown completed.
2020-01-08 17:58:12.498 [main] INFO  o.s.b.t.context.SpringBootTestContextBootstrapper - Neither @ContextConfiguration nor @ContextHierarchy found for test class [com.fear.healthrecord.HealthrecordApplicationTests], using SpringBootContextLoader
2020-01-08 17:58:12.507 [main] INFO  o.s.test.context.support.AbstractContextLoader - Could not detect default resource locations for test class [com.fear.healthrecord.HealthrecordApplicationTests]: no resource found for suffixes {-context.xml, Context.groovy}.
2020-01-08 17:58:12.508 [main] INFO  o.s.t.c.support.AnnotationConfigContextLoaderUtils - Could not detect default configuration classes for test class [com.fear.healthrecord.HealthrecordApplicationTests]: HealthrecordApplicationTests does not declare any static, non-private, non-final, nested classes annotated with @Configuration.
2020-01-08 17:58:12.723 [main] INFO  o.s.b.t.context.SpringBootTestContextBootstrapper - Found @SpringBootConfiguration com.fear.healthrecord.HealthrecordApplication for test class com.fear.healthrecord.HealthrecordApplicationTests
2020-01-08 17:58:12.927 [main] INFO  o.s.b.t.context.SpringBootTestContextBootstrapper - Loaded default TestExecutionListener class names from location [META-INF/spring.factories]: [org.springframework.boot.test.mock.mockito.MockitoTestExecutionListener, org.springframework.boot.test.mock.mockito.ResetMocksTestExecutionListener, org.springframework.boot.test.autoconfigure.restdocs.RestDocsTestExecutionListener, org.springframework.boot.test.autoconfigure.web.client.MockRestServiceServerResetTestExecutionListener, org.springframework.boot.test.autoconfigure.web.servlet.MockMvcPrintOnlyOnFailureTestExecutionListener, org.springframework.boot.test.autoconfigure.web.servlet.WebDriverTestExecutionListener, org.springframework.test.context.web.ServletTestExecutionListener, org.springframework.test.context.support.DirtiesContextBeforeModesTestExecutionListener, org.springframework.test.context.support.DependencyInjectionTestExecutionListener, org.springframework.test.context.support.DirtiesContextTestExecutionListener, org.springframework.test.context.transaction.TransactionalTestExecutionListener, org.springframework.test.context.jdbc.SqlScriptsTestExecutionListener, org.springframework.test.context.event.EventPublishingTestExecutionListener]
2020-01-08 17:58:12.956 [main] INFO  o.s.b.t.context.SpringBootTestContextBootstrapper - Using TestExecutionListeners: [org.springframework.test.context.web.ServletTestExecutionListener@5c80cf32, org.springframework.test.context.support.DirtiesContextBeforeModesTestExecutionListener@7d900ecf, org.springframework.boot.test.mock.mockito.MockitoTestExecutionListener@6f01b95f, org.springframework.boot.test.autoconfigure.SpringBootDependencyInjectionTestExecutionListener@4007f65e, org.springframework.test.context.support.DirtiesContextTestExecutionListener@1a245833, org.springframework.test.context.transaction.TransactionalTestExecutionListener@673fdbce, org.springframework.test.context.jdbc.SqlScriptsTestExecutionListener@5965d37, org.springframework.test.context.event.EventPublishingTestExecutionListener@7a5ceedd, org.springframework.boot.test.mock.mockito.ResetMocksTestExecutionListener@4201c465, org.springframework.boot.test.autoconfigure.restdocs.RestDocsTestExecutionListener@5b799640, org.springframework.boot.test.autoconfigure.web.client.MockRestServiceServerResetTestExecutionListener@6cb107fd, org.springframework.boot.test.autoconfigure.web.servlet.MockMvcPrintOnlyOnFailureTestExecutionListener@710636b0, org.springframework.boot.test.autoconfigure.web.servlet.WebDriverTestExecutionListener@3de8f619]
2020-01-08 17:58:13.584 [main] INFO  com.fear.healthrecord.HealthrecordApplicationTests - Starting HealthrecordApplicationTests on DESKTOP-MA5G5M8 with PID 12780 (started by fear in C:\Users\fear\IdeaProjects\healthrecord)
2020-01-08 17:58:13.585 [main] INFO  com.fear.healthrecord.HealthrecordApplicationTests - No active profile set, falling back to default profiles: default
2020-01-08 17:58:17.079 [main] INFO  o.s.scheduling.concurrent.ThreadPoolTaskExecutor - Initializing ExecutorService 'applicationTaskExecutor'
2020-01-08 17:58:17.735 [main] INFO  com.zaxxer.hikari.HikariDataSource - HikariPool-1 - Starting...
2020-01-08 17:58:17.743 [main] WARN  com.zaxxer.hikari.util.DriverDataSource - Registered driver with driverClassName=com.mysql.jdbc.Driver was not found, trying direct instantiation.
2020-01-08 17:58:18.408 [main] INFO  com.zaxxer.hikari.HikariDataSource - HikariPool-1 - Start completed.
2020-01-08 17:58:18.718 [main] INFO  o.s.s.a.ScheduledAnnotationBeanPostProcessor - No TaskScheduler/ScheduledExecutorService bean found for scheduled processing
2020-01-08 17:58:18.733 [main] INFO  com.fear.healthrecord.HealthrecordApplicationTests - Started HealthrecordApplicationTests in 5.676 seconds (JVM running for 7.797)
2020-01-08 17:58:19.674 [SpringContextShutdownHook] INFO  o.s.scheduling.concurrent.ThreadPoolTaskExecutor - Shutting down ExecutorService 'applicationTaskExecutor'
2020-01-08 17:58:19.676 [SpringContextShutdownHook] INFO  com.zaxxer.hikari.HikariDataSource - HikariPool-1 - Shutdown initiated...
2020-01-08 17:58:19.800 [SpringContextShutdownHook] INFO  com.zaxxer.hikari.HikariDataSource - HikariPool-1 - Shutdown completed.
2020-01-08 17:59:33.642 [main] INFO  o.s.b.t.context.SpringBootTestContextBootstrapper - Neither @ContextConfiguration nor @ContextHierarchy found for test class [com.fear.healthrecord.HealthrecordApplicationTests], using SpringBootContextLoader
2020-01-08 17:59:33.651 [main] INFO  o.s.test.context.support.AbstractContextLoader - Could not detect default resource locations for test class [com.fear.healthrecord.HealthrecordApplicationTests]: no resource found for suffixes {-context.xml, Context.groovy}.
2020-01-08 17:59:33.652 [main] INFO  o.s.t.c.support.AnnotationConfigContextLoaderUtils - Could not detect default configuration classes for test class [com.fear.healthrecord.HealthrecordApplicationTests]: HealthrecordApplicationTests does not declare any static, non-private, non-final, nested classes annotated with @Configuration.
2020-01-08 17:59:33.856 [main] INFO  o.s.b.t.context.SpringBootTestContextBootstrapper - Found @SpringBootConfiguration com.fear.healthrecord.HealthrecordApplication for test class com.fear.healthrecord.HealthrecordApplicationTests
2020-01-08 17:59:34.067 [main] INFO  o.s.b.t.context.SpringBootTestContextBootstrapper - Loaded default TestExecutionListener class names from location [META-INF/spring.factories]: [org.springframework.boot.test.mock.mockito.MockitoTestExecutionListener, org.springframework.boot.test.mock.mockito.ResetMocksTestExecutionListener, org.springframework.boot.test.autoconfigure.restdocs.RestDocsTestExecutionListener, org.springframework.boot.test.autoconfigure.web.client.MockRestServiceServerResetTestExecutionListener, org.springframework.boot.test.autoconfigure.web.servlet.MockMvcPrintOnlyOnFailureTestExecutionListener, org.springframework.boot.test.autoconfigure.web.servlet.WebDriverTestExecutionListener, org.springframework.test.context.web.ServletTestExecutionListener, org.springframework.test.context.support.DirtiesContextBeforeModesTestExecutionListener, org.springframework.test.context.support.DependencyInjectionTestExecutionListener, org.springframework.test.context.support.DirtiesContextTestExecutionListener, org.springframework.test.context.transaction.TransactionalTestExecutionListener, org.springframework.test.context.jdbc.SqlScriptsTestExecutionListener, org.springframework.test.context.event.EventPublishingTestExecutionListener]
2020-01-08 17:59:34.094 [main] INFO  o.s.b.t.context.SpringBootTestContextBootstrapper - Using TestExecutionListeners: [org.springframework.test.context.web.ServletTestExecutionListener@5c80cf32, org.springframework.test.context.support.DirtiesContextBeforeModesTestExecutionListener@7d900ecf, org.springframework.boot.test.mock.mockito.MockitoTestExecutionListener@6f01b95f, org.springframework.boot.test.autoconfigure.SpringBootDependencyInjectionTestExecutionListener@4007f65e, org.springframework.test.context.support.DirtiesContextTestExecutionListener@1a245833, org.springframework.test.context.transaction.TransactionalTestExecutionListener@673fdbce, org.springframework.test.context.jdbc.SqlScriptsTestExecutionListener@5965d37, org.springframework.test.context.event.EventPublishingTestExecutionListener@7a5ceedd, org.springframework.boot.test.mock.mockito.ResetMocksTestExecutionListener@4201c465, org.springframework.boot.test.autoconfigure.restdocs.RestDocsTestExecutionListener@5b799640, org.springframework.boot.test.autoconfigure.web.client.MockRestServiceServerResetTestExecutionListener@6cb107fd, org.springframework.boot.test.autoconfigure.web.servlet.MockMvcPrintOnlyOnFailureTestExecutionListener@710636b0, org.springframework.boot.test.autoconfigure.web.servlet.WebDriverTestExecutionListener@3de8f619]
2020-01-08 17:59:34.719 [main] INFO  com.fear.healthrecord.HealthrecordApplicationTests - Starting HealthrecordApplicationTests on DESKTOP-MA5G5M8 with PID 15364 (started by fear in C:\Users\fear\IdeaProjects\healthrecord)
2020-01-08 17:59:34.721 [main] INFO  com.fear.healthrecord.HealthrecordApplicationTests - No active profile set, falling back to default profiles: default
2020-01-08 17:59:38.411 [main] INFO  o.s.scheduling.concurrent.ThreadPoolTaskExecutor - Initializing ExecutorService 'applicationTaskExecutor'
2020-01-08 17:59:38.995 [main] INFO  com.zaxxer.hikari.HikariDataSource - HikariPool-1 - Starting...
2020-01-08 17:59:39.004 [main] WARN  com.zaxxer.hikari.util.DriverDataSource - Registered driver with driverClassName=com.mysql.jdbc.Driver was not found, trying direct instantiation.
2020-01-08 17:59:39.487 [main] INFO  com.zaxxer.hikari.HikariDataSource - HikariPool-1 - Start completed.
2020-01-08 17:59:39.964 [main] INFO  o.s.s.a.ScheduledAnnotationBeanPostProcessor - No TaskScheduler/ScheduledExecutorService bean found for scheduled processing
2020-01-08 17:59:39.978 [main] INFO  com.fear.healthrecord.HealthrecordApplicationTests - Started HealthrecordApplicationTests in 5.789 seconds (JVM running for 7.852)
2020-01-08 17:59:40.695 [SpringContextShutdownHook] INFO  o.s.scheduling.concurrent.ThreadPoolTaskExecutor - Shutting down ExecutorService 'applicationTaskExecutor'
2020-01-08 17:59:40.697 [SpringContextShutdownHook] INFO  com.zaxxer.hikari.HikariDataSource - HikariPool-1 - Shutdown initiated...
2020-01-08 17:59:40.729 [SpringContextShutdownHook] INFO  com.zaxxer.hikari.HikariDataSource - HikariPool-1 - Shutdown completed.
2020-01-08 18:01:53.462 [main] INFO  o.s.b.t.context.SpringBootTestContextBootstrapper - Neither @ContextConfiguration nor @ContextHierarchy found for test class [com.fear.healthrecord.HealthrecordApplicationTests], using SpringBootContextLoader
2020-01-08 18:01:53.477 [main] INFO  o.s.test.context.support.AbstractContextLoader - Could not detect default resource locations for test class [com.fear.healthrecord.HealthrecordApplicationTests]: no resource found for suffixes {-context.xml, Context.groovy}.
2020-01-08 18:01:53.478 [main] INFO  o.s.t.c.support.AnnotationConfigContextLoaderUtils - Could not detect default configuration classes for test class [com.fear.healthrecord.HealthrecordApplicationTests]: HealthrecordApplicationTests does not declare any static, non-private, non-final, nested classes annotated with @Configuration.
2020-01-08 18:01:53.717 [main] INFO  o.s.b.t.context.SpringBootTestContextBootstrapper - Found @SpringBootConfiguration com.fear.healthrecord.HealthrecordApplication for test class com.fear.healthrecord.HealthrecordApplicationTests
2020-01-08 18:01:53.914 [main] INFO  o.s.b.t.context.SpringBootTestContextBootstrapper - Loaded default TestExecutionListener class names from location [META-INF/spring.factories]: [org.springframework.boot.test.mock.mockito.MockitoTestExecutionListener, org.springframework.boot.test.mock.mockito.ResetMocksTestExecutionListener, org.springframework.boot.test.autoconfigure.restdocs.RestDocsTestExecutionListener, org.springframework.boot.test.autoconfigure.web.client.MockRestServiceServerResetTestExecutionListener, org.springframework.boot.test.autoconfigure.web.servlet.MockMvcPrintOnlyOnFailureTestExecutionListener, org.springframework.boot.test.autoconfigure.web.servlet.WebDriverTestExecutionListener, org.springframework.test.context.web.ServletTestExecutionListener, org.springframework.test.context.support.DirtiesContextBeforeModesTestExecutionListener, org.springframework.test.context.support.DependencyInjectionTestExecutionListener, org.springframework.test.context.support.DirtiesContextTestExecutionListener, org.springframework.test.context.transaction.TransactionalTestExecutionListener, org.springframework.test.context.jdbc.SqlScriptsTestExecutionListener, org.springframework.test.context.event.EventPublishingTestExecutionListener]
2020-01-08 18:01:53.968 [main] INFO  o.s.b.t.context.SpringBootTestContextBootstrapper - Using TestExecutionListeners: [org.springframework.test.context.web.ServletTestExecutionListener@5c80cf32, org.springframework.test.context.support.DirtiesContextBeforeModesTestExecutionListener@7d900ecf, org.springframework.boot.test.mock.mockito.MockitoTestExecutionListener@6f01b95f, org.springframework.boot.test.autoconfigure.SpringBootDependencyInjectionTestExecutionListener@4007f65e, org.springframework.test.context.support.DirtiesContextTestExecutionListener@1a245833, org.springframework.test.context.transaction.TransactionalTestExecutionListener@673fdbce, org.springframework.test.context.jdbc.SqlScriptsTestExecutionListener@5965d37, org.springframework.test.context.event.EventPublishingTestExecutionListener@7a5ceedd, org.springframework.boot.test.mock.mockito.ResetMocksTestExecutionListener@4201c465, org.springframework.boot.test.autoconfigure.restdocs.RestDocsTestExecutionListener@5b799640, org.springframework.boot.test.autoconfigure.web.client.MockRestServiceServerResetTestExecutionListener@6cb107fd, org.springframework.boot.test.autoconfigure.web.servlet.MockMvcPrintOnlyOnFailureTestExecutionListener@710636b0, org.springframework.boot.test.autoconfigure.web.servlet.WebDriverTestExecutionListener@3de8f619]
2020-01-08 18:01:54.750 [main] INFO  com.fear.healthrecord.HealthrecordApplicationTests - Starting HealthrecordApplicationTests on DESKTOP-MA5G5M8 with PID 5856 (started by fear in C:\Users\fear\IdeaProjects\healthrecord)
2020-01-08 18:01:54.752 [main] INFO  com.fear.healthrecord.HealthrecordApplicationTests - No active profile set, falling back to default profiles: default
2020-01-08 18:01:58.617 [main] INFO  o.s.scheduling.concurrent.ThreadPoolTaskExecutor - Initializing ExecutorService 'applicationTaskExecutor'
2020-01-08 18:01:59.239 [main] INFO  com.zaxxer.hikari.HikariDataSource - HikariPool-1 - Starting...
2020-01-08 18:01:59.246 [main] WARN  com.zaxxer.hikari.util.DriverDataSource - Registered driver with driverClassName=com.mysql.jdbc.Driver was not found, trying direct instantiation.
2020-01-08 18:01:59.745 [main] INFO  com.zaxxer.hikari.HikariDataSource - HikariPool-1 - Start completed.
2020-01-08 18:02:00.380 [main] INFO  o.s.s.a.ScheduledAnnotationBeanPostProcessor - No TaskScheduler/ScheduledExecutorService bean found for scheduled processing
2020-01-08 18:02:00.414 [main] INFO  com.fear.healthrecord.HealthrecordApplicationTests - Started HealthrecordApplicationTests in 6.307 seconds (JVM running for 8.622)
2020-01-08 18:02:01.565 [SpringContextShutdownHook] INFO  o.s.scheduling.concurrent.ThreadPoolTaskExecutor - Shutting down ExecutorService 'applicationTaskExecutor'
2020-01-08 18:02:01.570 [SpringContextShutdownHook] INFO  com.zaxxer.hikari.HikariDataSource - HikariPool-1 - Shutdown initiated...
2020-01-08 18:02:01.594 [SpringContextShutdownHook] INFO  com.zaxxer.hikari.HikariDataSource - HikariPool-1 - Shutdown completed.
2020-01-08 18:02:11.120 [main] INFO  o.s.b.t.context.SpringBootTestContextBootstrapper - Neither @ContextConfiguration nor @ContextHierarchy found for test class [com.fear.healthrecord.HealthrecordApplicationTests], using SpringBootContextLoader
2020-01-08 18:02:11.134 [main] INFO  o.s.test.context.support.AbstractContextLoader - Could not detect default resource locations for test class [com.fear.healthrecord.HealthrecordApplicationTests]: no resource found for suffixes {-context.xml, Context.groovy}.
2020-01-08 18:02:11.135 [main] INFO  o.s.t.c.support.AnnotationConfigContextLoaderUtils - Could not detect default configuration classes for test class [com.fear.healthrecord.HealthrecordApplicationTests]: HealthrecordApplicationTests does not declare any static, non-private, non-final, nested classes annotated with @Configuration.
2020-01-08 18:02:11.399 [main] INFO  o.s.b.t.context.SpringBootTestContextBootstrapper - Found @SpringBootConfiguration com.fear.healthrecord.HealthrecordApplication for test class com.fear.healthrecord.HealthrecordApplicationTests
2020-01-08 18:02:11.637 [main] INFO  o.s.b.t.context.SpringBootTestContextBootstrapper - Loaded default TestExecutionListener class names from location [META-INF/spring.factories]: [org.springframework.boot.test.mock.mockito.MockitoTestExecutionListener, org.springframework.boot.test.mock.mockito.ResetMocksTestExecutionListener, org.springframework.boot.test.autoconfigure.restdocs.RestDocsTestExecutionListener, org.springframework.boot.test.autoconfigure.web.client.MockRestServiceServerResetTestExecutionListener, org.springframework.boot.test.autoconfigure.web.servlet.MockMvcPrintOnlyOnFailureTestExecutionListener, org.springframework.boot.test.autoconfigure.web.servlet.WebDriverTestExecutionListener, org.springframework.test.context.web.ServletTestExecutionListener, org.springframework.test.context.support.DirtiesContextBeforeModesTestExecutionListener, org.springframework.test.context.support.DependencyInjectionTestExecutionListener, org.springframework.test.context.support.DirtiesContextTestExecutionListener, org.springframework.test.context.transaction.TransactionalTestExecutionListener, org.springframework.test.context.jdbc.SqlScriptsTestExecutionListener, org.springframework.test.context.event.EventPublishingTestExecutionListener]
2020-01-08 18:02:11.664 [main] INFO  o.s.b.t.context.SpringBootTestContextBootstrapper - Using TestExecutionListeners: [org.springframework.test.context.web.ServletTestExecutionListener@5c80cf32, org.springframework.test.context.support.DirtiesContextBeforeModesTestExecutionListener@7d900ecf, org.springframework.boot.test.mock.mockito.MockitoTestExecutionListener@6f01b95f, org.springframework.boot.test.autoconfigure.SpringBootDependencyInjectionTestExecutionListener@4007f65e, org.springframework.test.context.support.DirtiesContextTestExecutionListener@1a245833, org.springframework.test.context.transaction.TransactionalTestExecutionListener@673fdbce, org.springframework.test.context.jdbc.SqlScriptsTestExecutionListener@5965d37, org.springframework.test.context.event.EventPublishingTestExecutionListener@7a5ceedd, org.springframework.boot.test.mock.mockito.ResetMocksTestExecutionListener@4201c465, org.springframework.boot.test.autoconfigure.restdocs.RestDocsTestExecutionListener@5b799640, org.springframework.boot.test.autoconfigure.web.client.MockRestServiceServerResetTestExecutionListener@6cb107fd, org.springframework.boot.test.autoconfigure.web.servlet.MockMvcPrintOnlyOnFailureTestExecutionListener@710636b0, org.springframework.boot.test.autoconfigure.web.servlet.WebDriverTestExecutionListener@3de8f619]
2020-01-08 18:02:12.257 [main] INFO  com.fear.healthrecord.HealthrecordApplicationTests - Starting HealthrecordApplicationTests on DESKTOP-MA5G5M8 with PID 4916 (started by fear in C:\Users\fear\IdeaProjects\healthrecord)
2020-01-08 18:02:12.267 [main] INFO  com.fear.healthrecord.HealthrecordApplicationTests - No active profile set, falling back to default profiles: default
2020-01-08 18:02:16.694 [main] INFO  o.s.scheduling.concurrent.ThreadPoolTaskExecutor - Initializing ExecutorService 'applicationTaskExecutor'
2020-01-08 18:02:18.015 [main] INFO  com.zaxxer.hikari.HikariDataSource - HikariPool-1 - Starting...
2020-01-08 18:02:18.177 [main] WARN  com.zaxxer.hikari.util.DriverDataSource - Registered driver with driverClassName=com.mysql.jdbc.Driver was not found, trying direct instantiation.
2020-01-08 18:02:18.903 [main] INFO  com.zaxxer.hikari.HikariDataSource - HikariPool-1 - Start completed.
2020-01-08 18:02:19.289 [main] INFO  o.s.s.a.ScheduledAnnotationBeanPostProcessor - No TaskScheduler/ScheduledExecutorService bean found for scheduled processing
2020-01-08 18:02:19.306 [main] INFO  com.fear.healthrecord.HealthrecordApplicationTests - Started HealthrecordApplicationTests in 7.553 seconds (JVM running for 10.017)
2020-01-08 18:02:20.715 [SpringContextShutdownHook] INFO  o.s.scheduling.concurrent.ThreadPoolTaskExecutor - Shutting down ExecutorService 'applicationTaskExecutor'
2020-01-08 18:02:20.717 [SpringContextShutdownHook] INFO  com.zaxxer.hikari.HikariDataSource - HikariPool-1 - Shutdown initiated...
2020-01-08 18:02:20.735 [SpringContextShutdownHook] INFO  com.zaxxer.hikari.HikariDataSource - HikariPool-1 - Shutdown completed.
2020-01-08 18:02:52.288 [main] INFO  o.s.b.t.context.SpringBootTestContextBootstrapper - Neither @ContextConfiguration nor @ContextHierarchy found for test class [com.fear.healthrecord.HealthrecordApplicationTests], using SpringBootContextLoader
2020-01-08 18:02:52.298 [main] INFO  o.s.test.context.support.AbstractContextLoader - Could not detect default resource locations for test class [com.fear.healthrecord.HealthrecordApplicationTests]: no resource found for suffixes {-context.xml, Context.groovy}.
2020-01-08 18:02:52.299 [main] INFO  o.s.t.c.support.AnnotationConfigContextLoaderUtils - Could not detect default configuration classes for test class [com.fear.healthrecord.HealthrecordApplicationTests]: HealthrecordApplicationTests does not declare any static, non-private, non-final, nested classes annotated with @Configuration.
2020-01-08 18:02:52.494 [main] INFO  o.s.b.t.context.SpringBootTestContextBootstrapper - Found @SpringBootConfiguration com.fear.healthrecord.HealthrecordApplication for test class com.fear.healthrecord.HealthrecordApplicationTests
2020-01-08 18:02:52.719 [main] INFO  o.s.b.t.context.SpringBootTestContextBootstrapper - Loaded default TestExecutionListener class names from location [META-INF/spring.factories]: [org.springframework.boot.test.mock.mockito.MockitoTestExecutionListener, org.springframework.boot.test.mock.mockito.ResetMocksTestExecutionListener, org.springframework.boot.test.autoconfigure.restdocs.RestDocsTestExecutionListener, org.springframework.boot.test.autoconfigure.web.client.MockRestServiceServerResetTestExecutionListener, org.springframework.boot.test.autoconfigure.web.servlet.MockMvcPrintOnlyOnFailureTestExecutionListener, org.springframework.boot.test.autoconfigure.web.servlet.WebDriverTestExecutionListener, org.springframework.test.context.web.ServletTestExecutionListener, org.springframework.test.context.support.DirtiesContextBeforeModesTestExecutionListener, org.springframework.test.context.support.DependencyInjectionTestExecutionListener, org.springframework.test.context.support.DirtiesContextTestExecutionListener, org.springframework.test.context.transaction.TransactionalTestExecutionListener, org.springframework.test.context.jdbc.SqlScriptsTestExecutionListener, org.springframework.test.context.event.EventPublishingTestExecutionListener]
2020-01-08 18:02:52.744 [main] INFO  o.s.b.t.context.SpringBootTestContextBootstrapper - Using TestExecutionListeners: [org.springframework.test.context.web.ServletTestExecutionListener@6b695b06, org.springframework.test.context.support.DirtiesContextBeforeModesTestExecutionListener@4d1bf319, org.springframework.boot.test.mock.mockito.MockitoTestExecutionListener@6f53b8a, org.springframework.boot.test.autoconfigure.SpringBootDependencyInjectionTestExecutionListener@5c80cf32, org.springframework.test.context.support.DirtiesContextTestExecutionListener@7d900ecf, org.springframework.test.context.transaction.TransactionalTestExecutionListener@6f01b95f, org.springframework.test.context.jdbc.SqlScriptsTestExecutionListener@4007f65e, org.springframework.test.context.event.EventPublishingTestExecutionListener@1a245833, org.springframework.boot.test.mock.mockito.ResetMocksTestExecutionListener@673fdbce, org.springframework.boot.test.autoconfigure.restdocs.RestDocsTestExecutionListener@5965d37, org.springframework.boot.test.autoconfigure.web.client.MockRestServiceServerResetTestExecutionListener@7a5ceedd, org.springframework.boot.test.autoconfigure.web.servlet.MockMvcPrintOnlyOnFailureTestExecutionListener@4201c465, org.springframework.boot.test.autoconfigure.web.servlet.WebDriverTestExecutionListener@5b799640]
2020-01-08 18:02:53.366 [main] INFO  com.fear.healthrecord.HealthrecordApplicationTests - Starting HealthrecordApplicationTests on DESKTOP-MA5G5M8 with PID 11120 (started by fear in C:\Users\fear\IdeaProjects\healthrecord)
2020-01-08 18:02:53.371 [main] INFO  com.fear.healthrecord.HealthrecordApplicationTests - No active profile set, falling back to default profiles: default
2020-01-08 18:02:57.375 [main] INFO  o.s.scheduling.concurrent.ThreadPoolTaskExecutor - Initializing ExecutorService 'applicationTaskExecutor'
2020-01-08 18:02:58.515 [main] INFO  com.zaxxer.hikari.HikariDataSource - HikariPool-1 - Starting...
2020-01-08 18:02:58.521 [main] WARN  com.zaxxer.hikari.util.DriverDataSource - Registered driver with driverClassName=com.mysql.jdbc.Driver was not found, trying direct instantiation.
2020-01-08 18:02:59.488 [main] INFO  com.zaxxer.hikari.HikariDataSource - HikariPool-1 - Start completed.
2020-01-08 18:02:59.960 [main] INFO  o.s.s.a.ScheduledAnnotationBeanPostProcessor - No TaskScheduler/ScheduledExecutorService bean found for scheduled processing
2020-01-08 18:02:59.979 [main] INFO  com.fear.healthrecord.HealthrecordApplicationTests - Started HealthrecordApplicationTests in 7.135 seconds (JVM running for 9.829)
2020-01-08 18:03:01.941 [SpringContextShutdownHook] INFO  o.s.scheduling.concurrent.ThreadPoolTaskExecutor - Shutting down ExecutorService 'applicationTaskExecutor'
2020-01-08 18:03:01.944 [SpringContextShutdownHook] INFO  com.zaxxer.hikari.HikariDataSource - HikariPool-1 - Shutdown initiated...
2020-01-08 18:03:01.964 [SpringContextShutdownHook] INFO  com.zaxxer.hikari.HikariDataSource - HikariPool-1 - Shutdown completed.
2020-01-08 18:04:08.690 [main] INFO  o.s.b.t.context.SpringBootTestContextBootstrapper - Neither @ContextConfiguration nor @ContextHierarchy found for test class [com.fear.healthrecord.HealthrecordApplicationTests], using SpringBootContextLoader
2020-01-08 18:04:08.700 [main] INFO  o.s.test.context.support.AbstractContextLoader - Could not detect default resource locations for test class [com.fear.healthrecord.HealthrecordApplicationTests]: no resource found for suffixes {-context.xml, Context.groovy}.
2020-01-08 18:04:08.703 [main] INFO  o.s.t.c.support.AnnotationConfigContextLoaderUtils - Could not detect default configuration classes for test class [com.fear.healthrecord.HealthrecordApplicationTests]: HealthrecordApplicationTests does not declare any static, non-private, non-final, nested classes annotated with @Configuration.
2020-01-08 18:04:08.939 [main] INFO  o.s.b.t.context.SpringBootTestContextBootstrapper - Found @SpringBootConfiguration com.fear.healthrecord.HealthrecordApplication for test class com.fear.healthrecord.HealthrecordApplicationTests
2020-01-08 18:04:09.145 [main] INFO  o.s.b.t.context.SpringBootTestContextBootstrapper - Loaded default TestExecutionListener class names from location [META-INF/spring.factories]: [org.springframework.boot.test.mock.mockito.MockitoTestExecutionListener, org.springframework.boot.test.mock.mockito.ResetMocksTestExecutionListener, org.springframework.boot.test.autoconfigure.restdocs.RestDocsTestExecutionListener, org.springframework.boot.test.autoconfigure.web.client.MockRestServiceServerResetTestExecutionListener, org.springframework.boot.test.autoconfigure.web.servlet.MockMvcPrintOnlyOnFailureTestExecutionListener, org.springframework.boot.test.autoconfigure.web.servlet.WebDriverTestExecutionListener, org.springframework.test.context.web.ServletTestExecutionListener, org.springframework.test.context.support.DirtiesContextBeforeModesTestExecutionListener, org.springframework.test.context.support.DependencyInjectionTestExecutionListener, org.springframework.test.context.support.DirtiesContextTestExecutionListener, org.springframework.test.context.transaction.TransactionalTestExecutionListener, org.springframework.test.context.jdbc.SqlScriptsTestExecutionListener, org.springframework.test.context.event.EventPublishingTestExecutionListener]
2020-01-08 18:04:09.171 [main] INFO  o.s.b.t.context.SpringBootTestContextBootstrapper - Using TestExecutionListeners: [org.springframework.test.context.web.ServletTestExecutionListener@5c80cf32, org.springframework.test.context.support.DirtiesContextBeforeModesTestExecutionListener@7d900ecf, org.springframework.boot.test.mock.mockito.MockitoTestExecutionListener@6f01b95f, org.springframework.boot.test.autoconfigure.SpringBootDependencyInjectionTestExecutionListener@4007f65e, org.springframework.test.context.support.DirtiesContextTestExecutionListener@1a245833, org.springframework.test.context.transaction.TransactionalTestExecutionListener@673fdbce, org.springframework.test.context.jdbc.SqlScriptsTestExecutionListener@5965d37, org.springframework.test.context.event.EventPublishingTestExecutionListener@7a5ceedd, org.springframework.boot.test.mock.mockito.ResetMocksTestExecutionListener@4201c465, org.springframework.boot.test.autoconfigure.restdocs.RestDocsTestExecutionListener@5b799640, org.springframework.boot.test.autoconfigure.web.client.MockRestServiceServerResetTestExecutionListener@6cb107fd, org.springframework.boot.test.autoconfigure.web.servlet.MockMvcPrintOnlyOnFailureTestExecutionListener@710636b0, org.springframework.boot.test.autoconfigure.web.servlet.WebDriverTestExecutionListener@3de8f619]
2020-01-08 18:04:09.876 [main] INFO  com.fear.healthrecord.HealthrecordApplicationTests - Starting HealthrecordApplicationTests on DESKTOP-MA5G5M8 with PID 3484 (started by fear in C:\Users\fear\IdeaProjects\healthrecord)
2020-01-08 18:04:09.878 [main] INFO  com.fear.healthrecord.HealthrecordApplicationTests - No active profile set, falling back to default profiles: default
2020-01-08 18:04:13.305 [main] INFO  o.s.scheduling.concurrent.ThreadPoolTaskExecutor - Initializing ExecutorService 'applicationTaskExecutor'
2020-01-08 18:04:13.855 [main] INFO  com.zaxxer.hikari.HikariDataSource - HikariPool-1 - Starting...
2020-01-08 18:04:13.863 [main] WARN  com.zaxxer.hikari.util.DriverDataSource - Registered driver with driverClassName=com.mysql.jdbc.Driver was not found, trying direct instantiation.
2020-01-08 18:04:14.534 [main] INFO  com.zaxxer.hikari.HikariDataSource - HikariPool-1 - Start completed.
2020-01-08 18:04:15.068 [main] INFO  o.s.s.a.ScheduledAnnotationBeanPostProcessor - No TaskScheduler/ScheduledExecutorService bean found for scheduled processing
2020-01-08 18:04:15.081 [main] INFO  com.fear.healthrecord.HealthrecordApplicationTests - Started HealthrecordApplicationTests in 5.795 seconds (JVM running for 7.981)
2020-01-08 18:04:15.707 [SpringContextShutdownHook] INFO  o.s.scheduling.concurrent.ThreadPoolTaskExecutor - Shutting down ExecutorService 'applicationTaskExecutor'
2020-01-08 18:04:15.708 [SpringContextShutdownHook] INFO  com.zaxxer.hikari.HikariDataSource - HikariPool-1 - Shutdown initiated...
2020-01-08 18:04:15.748 [SpringContextShutdownHook] INFO  com.zaxxer.hikari.HikariDataSource - HikariPool-1 - Shutdown completed.
2020-01-08 18:05:30.841 [main] INFO  o.s.b.t.context.SpringBootTestContextBootstrapper - Neither @ContextConfiguration nor @ContextHierarchy found for test class [com.fear.healthrecord.HealthrecordApplicationTests], using SpringBootContextLoader
2020-01-08 18:05:30.850 [main] INFO  o.s.test.context.support.AbstractContextLoader - Could not detect default resource locations for test class [com.fear.healthrecord.HealthrecordApplicationTests]: no resource found for suffixes {-context.xml, Context.groovy}.
2020-01-08 18:05:30.851 [main] INFO  o.s.t.c.support.AnnotationConfigContextLoaderUtils - Could not detect default configuration classes for test class [com.fear.healthrecord.HealthrecordApplicationTests]: HealthrecordApplicationTests does not declare any static, non-private, non-final, nested classes annotated with @Configuration.
2020-01-08 18:05:31.063 [main] INFO  o.s.b.t.context.SpringBootTestContextBootstrapper - Found @SpringBootConfiguration com.fear.healthrecord.HealthrecordApplication for test class com.fear.healthrecord.HealthrecordApplicationTests
2020-01-08 18:05:31.296 [main] INFO  o.s.b.t.context.SpringBootTestContextBootstrapper - Loaded default TestExecutionListener class names from location [META-INF/spring.factories]: [org.springframework.boot.test.mock.mockito.MockitoTestExecutionListener, org.springframework.boot.test.mock.mockito.ResetMocksTestExecutionListener, org.springframework.boot.test.autoconfigure.restdocs.RestDocsTestExecutionListener, org.springframework.boot.test.autoconfigure.web.client.MockRestServiceServerResetTestExecutionListener, org.springframework.boot.test.autoconfigure.web.servlet.MockMvcPrintOnlyOnFailureTestExecutionListener, org.springframework.boot.test.autoconfigure.web.servlet.WebDriverTestExecutionListener, org.springframework.test.context.web.ServletTestExecutionListener, org.springframework.test.context.support.DirtiesContextBeforeModesTestExecutionListener, org.springframework.test.context.support.DependencyInjectionTestExecutionListener, org.springframework.test.context.support.DirtiesContextTestExecutionListener, org.springframework.test.context.transaction.TransactionalTestExecutionListener, org.springframework.test.context.jdbc.SqlScriptsTestExecutionListener, org.springframework.test.context.event.EventPublishingTestExecutionListener]
2020-01-08 18:05:31.329 [main] INFO  o.s.b.t.context.SpringBootTestContextBootstrapper - Using TestExecutionListeners: [org.springframework.test.context.web.ServletTestExecutionListener@5c80cf32, org.springframework.test.context.support.DirtiesContextBeforeModesTestExecutionListener@7d900ecf, org.springframework.boot.test.mock.mockito.MockitoTestExecutionListener@6f01b95f, org.springframework.boot.test.autoconfigure.SpringBootDependencyInjectionTestExecutionListener@4007f65e, org.springframework.test.context.support.DirtiesContextTestExecutionListener@1a245833, org.springframework.test.context.transaction.TransactionalTestExecutionListener@673fdbce, org.springframework.test.context.jdbc.SqlScriptsTestExecutionListener@5965d37, org.springframework.test.context.event.EventPublishingTestExecutionListener@7a5ceedd, org.springframework.boot.test.mock.mockito.ResetMocksTestExecutionListener@4201c465, org.springframework.boot.test.autoconfigure.restdocs.RestDocsTestExecutionListener@5b799640, org.springframework.boot.test.autoconfigure.web.client.MockRestServiceServerResetTestExecutionListener@6cb107fd, org.springframework.boot.test.autoconfigure.web.servlet.MockMvcPrintOnlyOnFailureTestExecutionListener@710636b0, org.springframework.boot.test.autoconfigure.web.servlet.WebDriverTestExecutionListener@3de8f619]
2020-01-08 18:05:31.949 [main] INFO  com.fear.healthrecord.HealthrecordApplicationTests - Starting HealthrecordApplicationTests on DESKTOP-MA5G5M8 with PID 15980 (started by fear in C:\Users\fear\IdeaProjects\healthrecord)
2020-01-08 18:05:31.953 [main] INFO  com.fear.healthrecord.HealthrecordApplicationTests - No active profile set, falling back to default profiles: default
2020-01-08 18:05:35.401 [main] INFO  o.s.scheduling.concurrent.ThreadPoolTaskExecutor - Initializing ExecutorService 'applicationTaskExecutor'
2020-01-08 18:05:35.975 [main] INFO  com.zaxxer.hikari.HikariDataSource - HikariPool-1 - Starting...
2020-01-08 18:05:35.981 [main] WARN  com.zaxxer.hikari.util.DriverDataSource - Registered driver with driverClassName=com.mysql.jdbc.Driver was not found, trying direct instantiation.
2020-01-08 18:05:36.379 [main] INFO  com.zaxxer.hikari.HikariDataSource - HikariPool-1 - Start completed.
2020-01-08 18:05:36.743 [main] INFO  o.s.s.a.ScheduledAnnotationBeanPostProcessor - No TaskScheduler/ScheduledExecutorService bean found for scheduled processing
2020-01-08 18:05:36.757 [main] INFO  com.fear.healthrecord.HealthrecordApplicationTests - Started HealthrecordApplicationTests in 5.326 seconds (JVM running for 7.453)
2020-01-08 18:05:37.806 [SpringContextShutdownHook] INFO  o.s.scheduling.concurrent.ThreadPoolTaskExecutor - Shutting down ExecutorService 'applicationTaskExecutor'
2020-01-08 18:05:37.809 [SpringContextShutdownHook] INFO  com.zaxxer.hikari.HikariDataSource - HikariPool-1 - Shutdown initiated...
2020-01-08 18:05:37.909 [SpringContextShutdownHook] INFO  com.zaxxer.hikari.HikariDataSource - HikariPool-1 - Shutdown completed.
